<?xml version="1.0" encoding="UTF-8"?>
<testsuites>
  <testsuite name="BallotRest_Controller_test" file="C:\xampp2\htdocs\Software-Engineering\StratizenVote\application\tests\controllers\BallotRest_Controller_test.php" tests="1" assertions="0" failures="0" errors="1" time="0.384943">
    <testcase name="test_castBallot" class="BallotRest_Controller_test" file="C:\xampp2\htdocs\Software-Engineering\StratizenVote\application\tests\controllers\BallotRest_Controller_test.php" line="5" assertions="0" time="0.384943">
      <error type="PHPUnit_Framework_ExceptionWrapper">BallotRest_Controller_test::test_castBallot
RuntimeException: Undefined offset: 1 on line 220 in file C:\xampp2\htdocs\Software-Engineering\StratizenVote\application\tests\_ci_phpunit_test\CIPHPUnitTestRequest.php

C:\xampp2\htdocs\Software-Engineering\StratizenVote\application\tests\_ci_phpunit_test\CIPHPUnitTestCase.php:169
C:\xampp2\htdocs\Software-Engineering\StratizenVote\application\tests\_ci_phpunit_test\CIPHPUnitTestRequest.php:220
C:\xampp2\htdocs\Software-Engineering\StratizenVote\application\tests\_ci_phpunit_test\CIPHPUnitTestRequest.php:153
C:\xampp2\htdocs\Software-Engineering\StratizenVote\application\tests\_ci_phpunit_test\CIPHPUnitTestCase.php:144
C:\xampp2\htdocs\Software-Engineering\StratizenVote\application\tests\controllers\BallotRest_Controller_test.php:7
</error>
    </testcase>
  </testsuite>
</testsuites>
